  StartGame.cpp
C:\Users\Ярычик\Documents\GitHub\dev\GAME\StartGame.cpp(219,57): warning C4244: аргумент: преобразование "_Ty2" в "float", возможна потеря данных
C:\Users\Ярычик\Documents\GitHub\dev\GAME\StartGame.cpp(219,57): warning C4244:         with
C:\Users\Ярычик\Documents\GitHub\dev\GAME\StartGame.cpp(219,57): warning C4244:         [
C:\Users\Ярычик\Documents\GitHub\dev\GAME\StartGame.cpp(219,57): warning C4244:             _Ty2=int
C:\Users\Ярычик\Documents\GitHub\dev\GAME\StartGame.cpp(219,57): warning C4244:         ]
C:\Users\Ярычик\Documents\GitHub\dev\GAME\StartGame.cpp(219,38): warning C4244: аргумент: преобразование "_Ty1" в "float", возможна потеря данных
C:\Users\Ярычик\Documents\GitHub\dev\GAME\StartGame.cpp(219,38): warning C4244:         with
C:\Users\Ярычик\Documents\GitHub\dev\GAME\StartGame.cpp(219,38): warning C4244:         [
C:\Users\Ярычик\Documents\GitHub\dev\GAME\StartGame.cpp(219,38): warning C4244:             _Ty1=int
C:\Users\Ярычик\Documents\GitHub\dev\GAME\StartGame.cpp(219,38): warning C4244:         ]
C:\Users\Ярычик\Documents\GitHub\dev\GAME\StartGame.cpp(224,57): warning C4244: аргумент: преобразование "_Ty2" в "float", возможна потеря данных
C:\Users\Ярычик\Documents\GitHub\dev\GAME\StartGame.cpp(224,57): warning C4244:         with
C:\Users\Ярычик\Documents\GitHub\dev\GAME\StartGame.cpp(224,57): warning C4244:         [
C:\Users\Ярычик\Documents\GitHub\dev\GAME\StartGame.cpp(224,57): warning C4244:             _Ty2=int
C:\Users\Ярычик\Documents\GitHub\dev\GAME\StartGame.cpp(224,57): warning C4244:         ]
C:\Users\Ярычик\Documents\GitHub\dev\GAME\StartGame.cpp(224,38): warning C4244: аргумент: преобразование "_Ty1" в "float", возможна потеря данных
C:\Users\Ярычик\Documents\GitHub\dev\GAME\StartGame.cpp(224,38): warning C4244:         with
C:\Users\Ярычик\Documents\GitHub\dev\GAME\StartGame.cpp(224,38): warning C4244:         [
C:\Users\Ярычик\Documents\GitHub\dev\GAME\StartGame.cpp(224,38): warning C4244:             _Ty1=int
C:\Users\Ярычик\Documents\GitHub\dev\GAME\StartGame.cpp(224,38): warning C4244:         ]
  GAME.vcxproj -> C:\Users\Ярычик\Documents\GitHub\dev\GAME\x64\Debug\GAME.exe
